2003.01.29 14:16 B D:\design\build\pics\1.gif --> ftp.integraonline.com /public_html/build/pics 1.gif
2003.01.29 14:16 B D:\design\build\pics\btn_about_ov.gif --> ftp.integraonline.com /public_html/build/pics btn_about_ov.gif
2003.01.29 14:16 B D:\design\build\pics\btn_about_up.gif --> ftp.integraonline.com /public_html/build/pics btn_about_up.gif
2003.01.29 14:16 B D:\design\build\pics\btn_cont_ov.gif --> ftp.integraonline.com /public_html/build/pics btn_cont_ov.gif
2003.01.29 14:16 B D:\design\build\pics\btn_cont_up.gif --> ftp.integraonline.com /public_html/build/pics btn_cont_up.gif
2003.01.29 14:16 B D:\design\build\pics\btn_fac_ov.gif --> ftp.integraonline.com /public_html/build/pics btn_fac_ov.gif
2003.01.29 14:16 B D:\design\build\pics\btn_fac_up.gif --> ftp.integraonline.com /public_html/build/pics btn_fac_up.gif
2003.01.29 14:16 B D:\design\build\pics\btn_faq_ov.gif --> ftp.integraonline.com /public_html/build/pics btn_faq_ov.gif
2003.01.29 14:16 B D:\design\build\pics\btn_faq_up.gif --> ftp.integraonline.com /public_html/build/pics btn_faq_up.gif
2003.01.29 14:16 B D:\design\build\pics\btn_home_ov.gif --> ftp.integraonline.com /public_html/build/pics btn_home_ov.gif
2003.01.29 14:16 B D:\design\build\pics\btn_home_up.gif --> ftp.integraonline.com /public_html/build/pics btn_home_up.gif
2003.01.29 14:16 B D:\design\build\pics\btn_link_ov.gif --> ftp.integraonline.com /public_html/build/pics btn_link_ov.gif
2003.01.29 14:16 B D:\design\build\pics\btn_link_up.gif --> ftp.integraonline.com /public_html/build/pics btn_link_up.gif
2003.01.29 14:16 B D:\design\build\pics\btn_prod_ov.gif --> ftp.integraonline.com /public_html/build/pics btn_prod_ov.gif
2003.01.29 14:16 B D:\design\build\pics\btn_prod_up.gif --> ftp.integraonline.com /public_html/build/pics btn_prod_up.gif
2003.01.29 14:16 B D:\design\build\pics\btn_svcs_ov.gif --> ftp.integraonline.com /public_html/build/pics btn_svcs_ov.gif
2003.01.29 14:16 B D:\design\build\pics\btn_svcs_up.gif --> ftp.integraonline.com /public_html/build/pics btn_svcs_up.gif
2003.01.29 14:16 B D:\design\build\pics\ft_btm.gif --> ftp.integraonline.com /public_html/build/pics ft_btm.gif
2003.01.29 14:16 B D:\design\build\pics\ft_lft.gif --> ftp.integraonline.com /public_html/build/pics ft_lft.gif
2003.01.29 14:16 B D:\design\build\pics\ft_rgt.gif --> ftp.integraonline.com /public_html/build/pics ft_rgt.gif
2003.01.29 14:16 B D:\design\build\pics\ft_top.gif --> ftp.integraonline.com /public_html/build/pics ft_top.gif
2003.01.29 14:16 B D:\design\build\pics\g1x1.gif --> ftp.integraonline.com /public_html/build/pics g1x1.gif
2003.01.29 14:16 B D:\design\build\pics\n_btm.gif --> ftp.integraonline.com /public_html/build/pics n_btm.gif
2003.01.29 14:16 B D:\design\build\pics\n_top.gif --> ftp.integraonline.com /public_html/build/pics n_top.gif
2003.01.29 14:16 B D:\design\build\pics\pic_top.jpg --> ftp.integraonline.com /public_html/build/pics pic_top.jpg
2003.01.29 14:16 B D:\design\build\pics\t_ecs.gif --> ftp.integraonline.com /public_html/build/pics t_ecs.gif
2003.01.29 14:16 B D:\design\build\pics\t_lft.gif --> ftp.integraonline.com /public_html/build/pics t_lft.gif
2003.01.29 14:16 B D:\design\build\pics\t_rgt.gif --> ftp.integraonline.com /public_html/build/pics t_rgt.gif
2003.01.29 14:16 B D:\design\build\pics\tile.gif --> ftp.integraonline.com /public_html/build/pics tile.gif
2003.01.29 14:16 B D:\design\build\pics\top.gif --> ftp.integraonline.com /public_html/build/pics top.gif
2003.01.29 17:22 B D:\design\build\pics\pic_gypsum1.jpg --> ftp.integraonline.com /public_html/build/pics pic_gypsum1.jpg
2003.01.29 17:22 B D:\design\build\pics\pic_bfi2.jpg --> ftp.integraonline.com /public_html/build/pics pic_bfi2.jpg
2003.01.29 17:22 B D:\design\build\pics\pic_bfi1.jpg --> ftp.integraonline.com /public_html/build/pics pic_bfi1.jpg
2003.01.29 17:22 B D:\design\build\pics\pic_hutchinson2.jpg --> ftp.integraonline.com /public_html/build/pics pic_hutchinson2.jpg
2003.01.29 17:23 B D:\design\build\pics\pic_hutchinson1.jpg --> ftp.integraonline.com /public_html/build/pics pic_hutchinson1.jpg
2003.01.29 17:23 B D:\design\build\pics\pic_gypsum2.jpg --> ftp.integraonline.com /public_html/build/pics pic_gypsum2.jpg
2003.01.29 17:23 B D:\design\build\pics\pic_nau2.jpg --> ftp.integraonline.com /public_html/build/pics pic_nau2.jpg
2003.01.29 17:23 B D:\design\build\pics\pic_nau1.jpg --> ftp.integraonline.com /public_html/build/pics pic_nau1.jpg
2003.01.29 17:23 B D:\design\build\pics\pic_lynden.jpg --> ftp.integraonline.com /public_html/build/pics pic_lynden.jpg
2003.01.29 17:23 B D:\design\build\pics\pic_landrecovery.jpg --> ftp.integraonline.com /public_html/build/pics pic_landrecovery.jpg
2003.01.29 17:24 B D:\design\build\pics\pic_ottawa_waste.jpg --> ftp.integraonline.com /public_html/build/pics pic_ottawa_waste.jpg
2003.01.29 17:24 B D:\design\build\pics\pic_omak.jpg --> ftp.integraonline.com /public_html/build/pics pic_omak.jpg
2003.01.29 17:24 B D:\design\build\pics\pic_ocean_vessels.jpg --> ftp.integraonline.com /public_html/build/pics pic_ocean_vessels.jpg
2003.01.29 17:24 B D:\design\build\pics\pic_ocean_tractor.jpg --> ftp.integraonline.com /public_html/build/pics pic_ocean_tractor.jpg
2003.01.29 17:24 B D:\design\build\pics\pic_teleprobe.jpg --> ftp.integraonline.com /public_html/build/pics pic_teleprobe.jpg
2003.01.29 17:24 B D:\design\build\pics\pic_tam1.jpg --> ftp.integraonline.com /public_html/build/pics pic_tam1.jpg
2003.01.29 17:25 B D:\design\build\pics\pic_westport1.jpg --> ftp.integraonline.com /public_html/build/pics pic_westport1.jpg
2003.01.29 17:25 B D:\design\build\pics\pic_tam2.jpg --> ftp.integraonline.com /public_html/build/pics pic_tam2.jpg
2003.01.29 17:25 B D:\design\build\pics\pic_wyellow.jpg --> ftp.integraonline.com /public_html/build/pics pic_wyellow.jpg
2003.01.29 17:25 B D:\design\build\pics\pic_westport2.jpg --> ftp.integraonline.com /public_html/build/pics pic_westport2.jpg
2003.01.30 20:50 B D:\design\build\pics\t_rgt.gif --> ftp.integraonline.com /public_html/build/pics t_rgt.gif
2003.02.03 16:04 B D:\design\build\pics\btn_about_ov.gif <-- Compost Systems /public_html/build/pics btn_about_ov.gif
2003.02.03 16:04 B D:\design\build\pics\btn_about_up.gif <-- Compost Systems /public_html/build/pics btn_about_up.gif
2003.02.03 16:04 B D:\design\build\pics\btn_cont_ov.gif <-- Compost Systems /public_html/build/pics btn_cont_ov.gif
2003.02.03 16:04 B D:\design\build\pics\btn_cont_up.gif <-- Compost Systems /public_html/build/pics btn_cont_up.gif
2003.02.03 16:04 B D:\design\build\pics\btn_fac_ov.gif <-- Compost Systems /public_html/build/pics btn_fac_ov.gif
2003.02.03 16:04 B D:\design\build\pics\btn_fac_up.gif <-- Compost Systems /public_html/build/pics btn_fac_up.gif
2003.02.03 16:04 B D:\design\build\pics\btn_faq_ov.gif <-- Compost Systems /public_html/build/pics btn_faq_ov.gif
2003.02.03 16:04 B D:\design\build\pics\btn_faq_up.gif <-- Compost Systems /public_html/build/pics btn_faq_up.gif
2003.02.03 16:04 B D:\design\build\pics\btn_home_ov.gif <-- Compost Systems /public_html/build/pics btn_home_ov.gif
2003.02.03 16:04 B D:\design\build\pics\btn_home_up.gif <-- Compost Systems /public_html/build/pics btn_home_up.gif
2003.02.03 16:04 B D:\design\build\pics\btn_link_ov.gif <-- Compost Systems /public_html/build/pics btn_link_ov.gif
2003.02.03 16:04 B D:\design\build\pics\btn_link_up.gif <-- Compost Systems /public_html/build/pics btn_link_up.gif
2003.02.03 16:04 B D:\design\build\pics\btn_prod_ov.gif <-- Compost Systems /public_html/build/pics btn_prod_ov.gif
2003.02.03 16:04 B D:\design\build\pics\btn_prod_up.gif <-- Compost Systems /public_html/build/pics btn_prod_up.gif
2003.02.03 16:04 B D:\design\build\pics\btn_svcs_ov.gif <-- Compost Systems /public_html/build/pics btn_svcs_ov.gif
2003.02.03 16:04 B D:\design\build\pics\btn_svcs_up.gif <-- Compost Systems /public_html/build/pics btn_svcs_up.gif
2003.02.03 17:14 B D:\design\build\pics\pic_teleprobe_sch2.gif --> ftp.integraonline.com /public_html/build/pics pic_teleprobe_sch2.gif
2003.02.03 17:14 B D:\design\build\pics\pic_teleprobe_sch.gif --> ftp.integraonline.com /public_html/build/pics pic_teleprobe_sch.gif
2003.02.10 09:44 B D:\design\build\pics\btn_asp_ov.gif --> ftp.integraonline.com /public_html/build/pics btn_asp_ov.gif
2003.02.10 09:44 B D:\design\build\pics\btn_cv_ov.gif --> ftp.integraonline.com /public_html/build/pics btn_cv_ov.gif
2003.02.10 09:44 B D:\design\build\pics\btn_sv_ov.gif --> ftp.integraonline.com /public_html/build/pics btn_sv_ov.gif
2003.02.10 09:44 B D:\design\build\pics\btn_asp_up.gif --> ftp.integraonline.com /public_html/build/pics btn_asp_up.gif
2003.02.10 09:44 B D:\design\build\pics\btn_sv_up.gif --> ftp.integraonline.com /public_html/build/pics btn_sv_up.gif
2003.02.10 09:44 B D:\design\build\pics\btn_cv_up.gif --> ftp.integraonline.com /public_html/build/pics btn_cv_up.gif
2003.02.14 13:27 B D:\design\build\pics\hdr_links.gif --> ftp.integraonline.com /public_html/build/pics hdr_links.gif
2003.02.14 13:27 B D:\design\build\pics\hdr_faq.gif --> ftp.integraonline.com /public_html/build/pics hdr_faq.gif
2003.02.14 13:27 B D:\design\build\pics\hdr_contact.gif --> ftp.integraonline.com /public_html/build/pics hdr_contact.gif
2003.02.14 13:27 B D:\design\build\pics\hdr_about.gif --> ftp.integraonline.com /public_html/build/pics hdr_about.gif
2003.02.14 13:27 B D:\design\build\pics\hdr_facilities.gif --> ftp.integraonline.com /public_html/build/pics hdr_facilities.gif
2003.02.14 13:27 B D:\design\build\pics\hdr_services.gif --> ftp.integraonline.com /public_html/build/pics hdr_services.gif
2003.02.14 13:27 B D:\design\build\pics\hdr_products.gif --> ftp.integraonline.com /public_html/build/pics hdr_products.gif
2003.02.14 13:27 B D:\design\build\pics\pic_lri_scat_tp1_th.jpg --> ftp.integraonline.com /public_html/build/pics pic_lri_scat_tp1_th.jpg
2003.02.14 13:27 B D:\design\build\pics\pic_comptroller_th.jpg --> ftp.integraonline.com /public_html/build/pics pic_comptroller_th.jpg
2003.02.14 13:27 B D:\design\build\pics\pic_ocean_vessels_th.jpg --> ftp.integraonline.com /public_html/build/pics pic_ocean_vessels_th.jpg
2003.02.14 13:27 B D:\design\build\pics\pic_lynden_th.jpg --> ftp.integraonline.com /public_html/build/pics pic_lynden_th.jpg
2003.02.14 13:27 B D:\design\build\pics\pic_gypsum2_th.jpg --> ftp.integraonline.com /public_html/build/pics pic_gypsum2_th.jpg
2003.02.14 13:27 B D:\design\build\pics\pic_lri_scat_tp1.jpg --> ftp.integraonline.com /public_html/build/pics pic_lri_scat_tp1.jpg
2003.02.14 13:28 B D:\design\build\pics\pic_comptroller.jpg --> ftp.integraonline.com /public_html/build/pics pic_comptroller.jpg
2003.02.14 14:01 B D:\design\build\pics\btn_sv_up.gif --> ftp.integraonline.com /public_html/build/pics btn_sv_up.gif
2003.02.14 14:01 B D:\design\build\pics\btn_asp_up.gif --> ftp.integraonline.com /public_html/build/pics btn_asp_up.gif
2003.02.14 14:01 B D:\design\build\pics\btn_asp_ov.gif --> ftp.integraonline.com /public_html/build/pics btn_asp_ov.gif
2003.02.14 14:01 B D:\design\build\pics\btn_cv_up.gif --> ftp.integraonline.com /public_html/build/pics btn_cv_up.gif
2003.02.14 14:01 B D:\design\build\pics\btn_sv_ov.gif --> ftp.integraonline.com /public_html/build/pics btn_sv_ov.gif
2003.02.14 14:04 B D:\design\build\pics\btn_cv_ov.gif --> ftp.integraonline.com /public_html/build/pics btn_cv_ov.gif
2003.02.16 20:50 B D:\design\build\pics\pic_wyscontrolnode_th.jpg --> ftp.integraonline.com /public_html/build/pics pic_wyscontrolnode_th.jpg
2003.02.16 20:50 B D:\design\build\pics\pic_wyscontrolnode.jpg --> ftp.integraonline.com /public_html/build/pics pic_wyscontrolnode.jpg
2003.02.16 20:50 B D:\design\build\pics\pic_mixer_th.jpg --> ftp.integraonline.com /public_html/build/pics pic_mixer_th.jpg
2003.02.16 20:50 B D:\design\build\pics\pic_mixer.jpg --> ftp.integraonline.com /public_html/build/pics pic_mixer.jpg
2003.02.16 20:50 B D:\design\build\pics\pic_blowerroom_th.jpg --> ftp.integraonline.com /public_html/build/pics pic_blowerroom_th.jpg
2003.02.16 20:50 B D:\design\build\pics\pic_blowerroom.jpg --> ftp.integraonline.com /public_html/build/pics pic_blowerroom.jpg
2003.03.04 14:04 B D:\design\build\pics\pic_teleprobe_th.jpg --> ftp.integraonline.com /public_html/build/pics pic_teleprobe_th.jpg
2003.03.04 14:04 B D:\design\build\pics\btn_comp_up.gif --> ftp.integraonline.com /public_html/build/pics btn_comp_up.gif
2003.03.04 14:04 B D:\design\build\pics\btn_comp_ov.gif --> ftp.integraonline.com /public_html/build/pics btn_comp_ov.gif
2003.03.04 14:04 B D:\design\build\pics\btn_fc_ov.gif --> ftp.integraonline.com /public_html/build/pics btn_fc_ov.gif
2003.03.04 14:04 B D:\design\build\pics\btn_fc_up.gif --> ftp.integraonline.com /public_html/build/pics btn_fc_up.gif
2003.03.04 14:04 B D:\design\build\pics\pic_westside_th.jpg --> ftp.integraonline.com /public_html/build/pics pic_westside_th.jpg
2003.03.04 14:04 B D:\design\build\pics\hdr_components.gif --> ftp.integraonline.com /public_html/build/pics hdr_components.gif
2003.03.04 14:04 B D:\design\build\pics\pic_westside.jpg --> ftp.integraonline.com /public_html/build/pics pic_westside.jpg
2003.03.04 14:04 B D:\design\build\pics\pic_tunneldoors.jpg --> ftp.integraonline.com /public_html/build/pics pic_tunneldoors.jpg
2003.03.04 14:04 B D:\design\build\pics\hdr_products.gif --> ftp.integraonline.com /public_html/build/pics hdr_products.gif
2003.03.04 14:04 B D:\design\build\pics\btn_prod_ov.gif --> ftp.integraonline.com /public_html/build/pics btn_prod_ov.gif
2003.03.04 14:04 B D:\design\build\pics\btn_prod_up.gif --> ftp.integraonline.com /public_html/build/pics btn_prod_up.gif
2003.03.09 23:12 B D:\design\build\pics\pic_tom_testing_th.jpg --> ftp.integraonline.com /public_html/build/pics pic_tom_testing_th.jpg
2003.03.09 23:12 B D:\design\build\pics\pic_mixer_inside_th.jpg --> ftp.integraonline.com /public_html/build/pics pic_mixer_inside_th.jpg
2003.03.09 23:12 B D:\design\build\pics\pic_mixer_inside.jpg --> ftp.integraonline.com /public_html/build/pics pic_mixer_inside.jpg
2003.03.09 23:12 B D:\design\build\pics\pic_centerless_screw_th.jpg --> ftp.integraonline.com /public_html/build/pics pic_centerless_screw_th.jpg
2003.03.09 23:12 B D:\design\build\pics\pic_centerless_screw.jpg --> ftp.integraonline.com /public_html/build/pics pic_centerless_screw.jpg
2003.03.09 23:12 B D:\design\build\pics\pic_tom_testing.jpg --> ftp.integraonline.com /public_html/build/pics pic_tom_testing.jpg
2003.03.09 23:12 B D:\design\build\pics\pic_3bays_th.jpg --> ftp.integraonline.com /public_html/build/pics pic_3bays_th.jpg
2003.03.09 23:12 B D:\design\build\pics\pic_3bays.jpg --> ftp.integraonline.com /public_html/build/pics pic_3bays.jpg
2003.03.19 21:57 B D:\design\build\pics\pic_tim_svcs.jpg --> ftp.integraonline.com /public_html/build/pics pic_tim_svcs.jpg
2003.03.19 21:57 B D:\design\build\pics\pic_airflow.jpg --> ftp.integraonline.com /public_html/build/pics pic_airflow.jpg
2003.03.19 22:09 B D:\design\build\pics\pic_blower_hm.jpg --> ftp.integraonline.com /public_html/pics pic_blower_hm.jpg
